<?xml version="1.0" encoding="UTF-8"?>

<mule xmlns:ee="http://www.mulesoft.org/schema/mule/ee/core" xmlns:http="http://www.mulesoft.org/schema/mule/http"
	xmlns="http://www.mulesoft.org/schema/mule/core"
	xmlns:doc="http://www.mulesoft.org/schema/mule/documentation" xmlns:xsi="http://www.w3.org/2001/XMLSchema-instance" xsi:schemaLocation="http://www.mulesoft.org/schema/mule/core http://www.mulesoft.org/schema/mule/core/current/mule.xsd
http://www.mulesoft.org/schema/mule/http http://www.mulesoft.org/schema/mule/http/current/mule-http.xsd
http://www.mulesoft.org/schema/mule/ee/core http://www.mulesoft.org/schema/mule/ee/core/current/mule-ee.xsd">
	<http:listener-config name="HTTP_Listener_config" doc:name="HTTP Listener config" doc:id="a5c1a3cd-b8b2-4b71-9cf5-a140104fb534" basePath="test-api" >
		<http:listener-connection host="0.0.0.0" port="8088" />
	</http:listener-config>
	<flow name="test-apiFlow" doc:id="3ed3edd1-a0d2-42f3-a71a-b73723760dcd" >
		<http:listener doc:name="Listener" doc:id="1a04959e-88b4-4f7e-bcd5-05ba4f0f2f01" config-ref="HTTP_Listener_config" path="v1/trade"/>
		<logger level="INFO" doc:name="Logger" doc:id="0a3aa0f9-1603-4819-9a77-7b61902a6e3e" message="request received"/>
		<ee:transform doc:name="Transform Message" doc:id="4e9a33b6-2713-4256-b24e-f3da430bbeab" >
			<ee:message >
				<ee:set-payload ><![CDATA[%dw 2.0
output application/json
---
{
	"status": "trade processed successfully"
}]]></ee:set-payload>
			</ee:message>
		</ee:transform>
	</flow>
</mule>
